#
# A fatal error has been detected by the Java Runtime Environment:
#
#  SIGSEGV (0xb) at pc=0x000000010f30a3fd, pid=83448, tid=775
#
# JRE version: Java(TM) SE Runtime Environment (8.0_20-b26) (build 1.8.0_20-b26)
# Java VM: Java HotSpot(TM) 64-Bit Server VM (25.20-b23 mixed mode bsd-amd64 compressed oops)
# Problematic frame:
# C  [libglass.dylib+0x163fd]  GlassScreenDidChangeScreenParameters+0x9d
#
# Failed to write core dump. Core dumps have been disabled. To enable core dumping, try "ulimit -c unlimited" before starting Java again
#
# If you would like to submit a bug report, please visit:
#   http://bugreport.sun.com/bugreport/crash.jsp
#

---------------  T H R E A D  ---------------

Current thread is native thread

siginfo: si_signo: 11 (SIGSEGV), si_code: 1 (SEGV_MAPERR), si_addr: 0x0000000000000000

Registers:
RAX=0x000000010f33ce40, RBX=0x0000000000000000, RCX=0xda80436034bd007c, RDX=0x00007ffdffe03948
RSP=0x00007ffee99813e0, RBP=0x00007ffee99813f0, RSI=0x00007ffdffe1f9a8, RDI=0x0000000000000000
R8 =0x00007fff9b6e9048, R9 =0x0000000000000040, R10=0x00007fff9b6e9040, R11=0xffffffffffffffff
R12=0x0000000000000000, R13=0x00007ffdffc3c8e0, R14=0x00007ffdffc88280, R15=0x0000000000000000
RIP=0x000000010f30a3fd, EFLAGS=0x0000000000010206, ERR=0x0000000000000004
  TRAPNO=0x000000000000000e

Top of Stack: (sp=0x00007ffee99813e0)
0x00007ffee99813e0:   00007ffdffc3c7c0 00007ffdffc88280
0x00007ffee99813f0:   00007ffee9981400 00007fff3ad7a33c
0x00007ffee9981400:   00007ffee9981470 00007fff3ad7a22a
0x00007ffee9981410:   00007ffe0e899dc0 00007fff9b6e4060
0x00007ffee9981420:   00000000c2000000 00007fff3ad7a290
0x00007ffee9981430:   00007fff9504ab38 00007ffdffc3c8e0
0x00007ffee9981440:   00007ffdffc88280 00007ffee9981bb8
0x00007ffee9981450:   0000000000000000 00007fff617eae80
0x00007ffee9981460:   00007ffdffc3c8e0 00007fff39003224
0x00007ffee9981470:   00007ffee99814b0 00007fff3ad79f72
0x00007ffee9981480:   00007ffee9981a70 0000000000000000
0x00007ffee9981490:   0000000000000000 00007fff617eae80
0x00007ffee99814a0:   00007ffee9981bb8 00007fff39003224
0x00007ffee99814b0:   00007ffee9981ba0 00007fff3ad38b02
0x00007ffee99814c0:   00007ffe008ec050 0000000000000190
0x00007ffee99814d0:   00007ffee9981a70 0000000000000001
0x00007ffee99814e0:   0000000000000100 00007ffdffc00000
0x00007ffee99814f0:   00007ffee9981970 0000000000000000
0x00007ffee9981500:   0000000000000100 0000000000000000
0x00007ffee9981510:   0000000000000000 0000000000000000
0x00007ffee9981520:   00007ffdffc3c920 0000000000000000
0x00007ffee9981530:   000000010629b800 00007fff9504cb50
0x00007ffee9981540:   00007fff9508c938 00007fff951838b0
0x00007ffee9981550:   00007ffdffe57b00 0000000000000000
0x00007ffee9981560:   00007fff95183801 00007ffdfff05040
0x00007ffee9981570:   00007ffdf13490d0 00007ffdf13fc080
0x00007ffee9981580:   00007ffee9981610 0000000000000010
0x00007ffee9981590:   0000000000000001 00007ffdf13490d0
0x00007ffee99815a0:   0000000106297080 00007ffdf1300000
0x00007ffee99815b0:   0000000106299000 00000000ffffffff
0x00007ffee99815c0:   0000000106299000 0000000000000001
0x00007ffee99815d0:   0000000106297080 00007ffdf1300000 

Instructions: (pc=0x000000010f30a3fd)
0x000000010f30a3dd:   89 df 4c 89 f1 41 ff 90 68 04 00 00 48 8d 05 58
0x000000010f30a3ed:   29 03 00 48 8b 30 48 8d 05 46 2a 03 00 48 8b 10
0x000000010f30a3fd:   48 8b 0b 30 c0 48 89 df ff 91 68 04 00 00 48 8b
0x000000010f30a40d:   03 48 89 df ff 50 78 48 85 c0 74 36 49 89 c6 48 

Register to memory mapping:

RAX=0x000000010f33ce40: jScreenNotifySettingsChanged+0 in /Library/Java/JavaVirtualMachines/jdk1.8.0_20.jdk/Contents/Home/jre/lib/libglass.dylib at 0x000000010f2f4000
RBX=0x0000000000000000 is an unknown value
RCX=0xda80436034bd007c is an unknown value
RDX=0x00007ffdffe03948 is an unknown value
RSP=0x00007ffee99813e0 is an unknown value
RBP=0x00007ffee99813f0 is an unknown value
RSI=0x00007ffdffe1f9a8 is a global jni handle
RDI=0x0000000000000000 is an unknown value
R8 =0x00007fff9b6e9048: __sFX+0x1c8 in /usr/lib/system/libsystem_c.dylib at 0x00007fff62434000
R9 =0x0000000000000040 is an unknown value
R10=0x00007fff9b6e9040: __sFX+0x1c0 in /usr/lib/system/libsystem_c.dylib at 0x00007fff62434000
R11=0xffffffffffffffff is an unknown value
R12=0x0000000000000000 is an unknown value
R13=0x00007ffdffc3c8e0 is an unknown value
R14=0x00007ffdffc88280 is an unknown value
R15=0x0000000000000000 is an unknown value


Stack: [0x00007ffee9185000,0x00007ffee9985000],  sp=0x00007ffee99813e0,  free space=8176k
Native frames: (J=compiled Java code, j=interpreted, Vv=VM code, C=native code)
C  [libglass.dylib+0x163fd]  GlassScreenDidChangeScreenParameters+0x9d
C  [CoreFoundation+0x9733c]  __CFNOTIFICATIONCENTER_IS_CALLING_OUT_TO_AN_OBSERVER__+0xc
C  [CoreFoundation+0x9722a]  _CFXRegistrationPost+0x1ba
C  [CoreFoundation+0x96f72]  ___CFXNotificationPost_block_invoke+0x32
C  [CoreFoundation+0x55b02]  -[_CFXNotificationRegistrar find:object:observer:enumerator:]+0x722
C  [CoreFoundation+0x54b9c]  _CFXNotificationPost+0x28c
C  [Foundation+0x6477]  -[NSNotificationCenter postNotificationName:object:userInfo:]+0x42
C  [AppKit+0xbc002b]  -[NSApplication(ScreenHandling) _reactToScreenInvalidationImmediately:]+0x162
C  [AppKit+0xbbfe8d]  __60-[NSApplication(ScreenHandling) _reactToScreenInvalidation:]_block_invoke+0x3b
C  [CoreFoundation+0x9f92c]  __CFRUNLOOP_IS_CALLING_OUT_TO_A_BLOCK__+0xc
C  [CoreFoundation+0x828a3]  __CFRunLoopDoBlocks+0x113
C  [CoreFoundation+0x82668]  __CFRunLoopRun+0xc38
C  [CoreFoundation+0x81797]  CFRunLoopRunSpecific+0x1e7
C  [java+0x56cc]  CreateExecutionEnvironment+0x367
C  [java+0x165c]  JLI_Launch+0x7a0
C  [java+0x768a]  main+0x65
C  [java+0xeb4]  start+0x34


---------------  P R O C E S S  ---------------

VM state:at safepoint (normal execution)

VM Mutex/Monitor currently owned by a thread:  ([mutex/lock_event])
[0x00007ffdffe0d7b0] Threads_lock - owner thread: 0x00007ffe0084f000
[0x00007ffdffe0dcb0] Heap_lock - owner thread: 0x00007ffe0e847000

Heap:
 PSYoungGen      total 38400K, used 27775K [0x0000000795580000, 0x0000000798000000, 0x00000007c0000000)
  eden space 33280K, 68% used [0x0000000795580000,0x0000000796ba2158,0x0000000797600000)
  from space 5120K, 99% used [0x0000000797b00000,0x0000000797ffdab0,0x0000000798000000)
  to   space 5120K, 0% used [0x0000000797600000,0x0000000797600000,0x0000000797b00000)
 ParOldGen       total 87552K, used 1525K [0x0000000740000000, 0x0000000745580000, 0x0000000795580000)
  object space 87552K, 1% used [0x0000000740000000,0x000000074017d4a0,0x0000000745580000)
 Metaspace       used 16835K, capacity 17796K, committed 18048K, reserved 1064960K
  class space    used 2460K, capacity 2658K, committed 2688K, reserved 1048576K

Card table byte_map: [0x0000000107e34000,0x0000000108235000] byte_map_base: 0x0000000104434000

Marking Bits: (ParMarkBitMap*) 0x0000000106b4f330
 Begin Bits: [0x00000001084e0000, 0x000000010a4e0000)
 End Bits:   [0x000000010a4e0000, 0x000000010c4e0000)

Polling page: 0x00000001071dc000

CodeCache: size=245760Kb used=8166Kb max_used=8175Kb free=237593Kb
 bounds [0x000000010f790000, 0x000000010ffa0000, 0x000000011e790000]
 total_blobs=3288 nmethods=2639 adapters=563
 compilation: enabled

Compilation events (10 events):
Event: 11978.640 Thread 0x00007ffe01005000 2639   !   4       java.util.zip.ZipFile$ZipFileInputStream::close (110 bytes)
Event: 11978.650 Thread 0x00007ffe01005000 nmethod 2639 0x000000010ff85910 code [0x000000010ff85aa0, 0x000000010ff862c8]
Event: 12259.761 Thread 0x00007ffe00023800 2640       3       com.sun.javafx.collections.SourceAdapterChange::<init> (11 bytes)
Event: 12259.765 Thread 0x00007ffe00023800 nmethod 2640 0x000000010ff85050 code [0x000000010ff851c0, 0x000000010ff85410]
Event: 18964.250 Thread 0x00007ffe00023800 2641       3       java.util.Arrays::hashCode (56 bytes)
Event: 18964.268 Thread 0x00007ffe00023800 nmethod 2641 0x000000010ff849d0 code [0x000000010ff84b60, 0x000000010ff84ee8]
Event: 18964.268 Thread 0x00007ffe00023800 2642       3       java.lang.Byte::hashCode (8 bytes)
Event: 18964.268 Thread 0x00007ffe00023800 nmethod 2642 0x000000010ff84610 code [0x000000010ff84780, 0x000000010ff84930]
Event: 18964.268 Thread 0x00007ffe00023800 2643       3       java.lang.Byte::hashCode (2 bytes)
Event: 18964.270 Thread 0x00007ffe00023800 nmethod 2643 0x000000010ff84310 code [0x000000010ff84460, 0x000000010ff84590]

GC Heap History (4 events):
Event: 2.200 GC heap before
{Heap before GC invocations=1 (full 0):
 PSYoungGen      total 38400K, used 33280K [0x0000000795580000, 0x0000000798000000, 0x00000007c0000000)
  eden space 33280K, 100% used [0x0000000795580000,0x0000000797600000,0x0000000797600000)
  from space 5120K, 0% used [0x0000000797b00000,0x0000000797b00000,0x0000000798000000)
  to   space 5120K, 0% used [0x0000000797600000,0x0000000797600000,0x0000000797b00000)
 ParOldGen       total 87552K, used 0K [0x0000000740000000, 0x0000000745580000, 0x0000000795580000)
  object space 87552K, 0% used [0x0000000740000000,0x0000000740000000,0x0000000745580000)
 Metaspace       used 13862K, capacity 14654K, committed 14976K, reserved 1062912K
  class space    used 2174K, capacity 2351K, committed 2432K, reserved 1048576K
Event: 2.211 GC heap after
Heap after GC invocations=1 (full 0):
 PSYoungGen      total 38400K, used 4578K [0x0000000795580000, 0x0000000798000000, 0x00000007c0000000)
  eden space 33280K, 0% used [0x0000000795580000,0x0000000795580000,0x0000000797600000)
  from space 5120K, 89% used [0x0000000797600000,0x0000000797a78ab0,0x0000000797b00000)
  to   space 5120K, 0% used [0x0000000797b00000,0x0000000797b00000,0x0000000798000000)
 ParOldGen       total 87552K, used 16K [0x0000000740000000, 0x0000000745580000, 0x0000000795580000)
  object space 87552K, 0% used [0x0000000740000000,0x0000000740004000,0x0000000745580000)
 Metaspace       used 13862K, capacity 14654K, committed 14976K, reserved 1062912K
  class space    used 2174K, capacity 2351K, committed 2432K, reserved 1048576K
}
Event: 11978.586 GC heap before
{Heap before GC invocations=2 (full 0):
 PSYoungGen      total 38400K, used 37858K [0x0000000795580000, 0x0000000798000000, 0x00000007c0000000)
  eden space 33280K, 100% used [0x0000000795580000,0x0000000797600000,0x0000000797600000)
  from space 5120K, 89% used [0x0000000797600000,0x0000000797a78ab0,0x0000000797b00000)
  to   space 5120K, 0% used [0x0000000797b00000,0x0000000797b00000,0x0000000798000000)
 ParOldGen       total 87552K, used 16K [0x0000000740000000, 0x0000000745580000, 0x0000000795580000)
  object space 87552K, 0% used [0x0000000740000000,0x0000000740004000,0x0000000745580000)
 Metaspace       used 16798K, capacity 17696K, committed 17792K, reserved 1064960K
  class space    used 2451K, capacity 2650K, committed 2688K, reserved 1048576K
Event: 11978.636 GC heap after
Heap after GC invocations=2 (full 0):
 PSYoungGen      total 38400K, used 5110K [0x0000000795580000, 0x0000000798000000, 0x00000007c0000000)
  eden space 33280K, 0% used [0x0000000795580000,0x0000000795580000,0x0000000797600000)
  from space 5120K, 99% used [0x0000000797b00000,0x0000000797ffdab0,0x0000000798000000)
  to   space 5120K, 0% used [0x0000000797600000,0x0000000797600000,0x0000000797b00000)
 ParOldGen       total 87552K, used 1525K [0x0000000740000000, 0x0000000745580000, 0x0000000795580000)
  object space 87552K, 1% used [0x0000000740000000,0x000000074017d4a0,0x0000000745580000)
 Metaspace       used 16798K, capacity 17696K, committed 17792K, reserved 1064960K
  class space    used 2451K, capacity 2650K, committed 2688K, reserved 1048576K
}

Deoptimization events (10 events):
Event: 1.408 Thread 0x00007ffe008eb800 Uncommon trap: reason=class_check action=maybe_recompile pc=0x000000010f8bae5c method=java.lang.String.equals(Ljava/lang/Object;)Z @ 8
Event: 1.528 Thread 0x00007ffe008eb800 Uncommon trap: reason=unreached action=reinterpret pc=0x000000010fa7ef44 method=javafx.beans.property.ObjectPropertyBase.get()Ljava/lang/Object; @ 9
Event: 1.887 Thread 0x00007ffe008eb800 Uncommon trap: reason=unloaded action=reinterpret pc=0x000000010f99b098 method=java.lang.CharacterData.of(I)Ljava/lang/CharacterData; @ 96
Event: 2.179 Thread 0x00007ffe008eb800 Uncommon trap: reason=unreached action=reinterpret pc=0x000000010fab8aac method=sun.misc.URLClassPath$JarLoader.ensureOpen()V @ 4
Event: 2.225 Thread 0x00007ffe008eb800 Uncommon trap: reason=array_check action=maybe_recompile pc=0x000000010fba3c80 method=com.sun.javafx.css.SimpleSelector.applies(Ljavafx/css/Styleable;[Ljava/util/Set;I)Z @ 37
Event: 2.226 Thread 0x00007ffe008eb800 Uncommon trap: reason=array_check action=maybe_recompile pc=0x000000010fba3c80 method=com.sun.javafx.css.SimpleSelector.applies(Ljavafx/css/Styleable;[Ljava/util/Set;I)Z @ 37
Event: 2.228 Thread 0x00007ffe008eb800 Uncommon trap: reason=array_check action=maybe_recompile pc=0x000000010fba3c80 method=com.sun.javafx.css.SimpleSelector.applies(Ljavafx/css/Styleable;[Ljava/util/Set;I)Z @ 37
Event: 2.230 Thread 0x00007ffe008eb800 Uncommon trap: reason=array_check action=maybe_recompile pc=0x000000010fba3c80 method=com.sun.javafx.css.SimpleSelector.applies(Ljavafx/css/Styleable;[Ljava/util/Set;I)Z @ 37
Event: 8.489 Thread 0x00007ffe008eb800 Uncommon trap: reason=array_check action=maybe_recompile pc=0x000000010fbc5e08 method=com.sun.javafx.css.SimpleSelector.applies(Ljavafx/css/Styleable;[Ljava/util/Set;I)Z @ 37
Event: 9.502 Thread 0x00007ffe008eb800 Uncommon trap: reason=unreached action=reinterpret pc=0x000000010fbf1474 method=com.sun.javafx.css.SimpleSelector.stateMatches(Ljavafx/css/Styleable;Ljava/util/Set;)Z @ 1

Internal exceptions (10 events):
Event: 2.179 Thread 0x00007ffe008eb800 Implicit null exception at 0x000000010fab71da to 0x000000010fab8a9d
Event: 8.434 Thread 0x00007ffe008eb800 Exception <a 'java/security/PrivilegedActionException'> (0x0000000795bd5bf8) thrown at [/HUDSON3/workspace/8-2-build-macosx-x86_64/jdk8u20/1074/hotspot/src/share/vm/prims/jvm.cpp, line 1275]
Event: 8.436 Thread 0x00007ffe008eb800 Exception <a 'java/security/PrivilegedActionException'> (0x0000000795be1ef0) thrown at [/HUDSON3/workspace/8-2-build-macosx-x86_64/jdk8u20/1074/hotspot/src/share/vm/prims/jvm.cpp, line 1275]
Event: 8.448 Thread 0x00007ffe008eb800 Exception <a 'java/security/PrivilegedActionException'> (0x0000000795bf7510) thrown at [/HUDSON3/workspace/8-2-build-macosx-x86_64/jdk8u20/1074/hotspot/src/share/vm/prims/jvm.cpp, line 1275]
Event: 9.502 Thread 0x00007ffe008eb800 Implicit null exception at 0x000000010fbf0df8 to 0x000000010fbf1449
Event: 9.921 Thread 0x00007ffe008eb800 Exception <a 'java/security/PrivilegedActionException'> (0x0000000795ce4b80) thrown at [/HUDSON3/workspace/8-2-build-macosx-x86_64/jdk8u20/1074/hotspot/src/share/vm/prims/jvm.cpp, line 1275]
Event: 9.921 Thread 0x00007ffe008eb800 Exception <a 'java/security/PrivilegedActionException'> (0x0000000795ce7390) thrown at [/HUDSON3/workspace/8-2-build-macosx-x86_64/jdk8u20/1074/hotspot/src/share/vm/prims/jvm.cpp, line 1275]
Event: 9.921 Thread 0x00007ffe008eb800 Exception <a 'java/security/PrivilegedActionException'> (0x0000000795ceb3e8) thrown at [/HUDSON3/workspace/8-2-build-macosx-x86_64/jdk8u20/1074/hotspot/src/share/vm/prims/jvm.cpp, line 1275]
Event: 9.921 Thread 0x00007ffe008eb800 Exception <a 'java/security/PrivilegedActionException'> (0x0000000795cedfd0) thrown at [/HUDSON3/workspace/8-2-build-macosx-x86_64/jdk8u20/1074/hotspot/src/share/vm/prims/jvm.cpp, line 1275]
Event: 24.940 Thread 0x00007ffe008eb800 Exception <a 'java/io/FileNotFoundException'> (0x0000000796007750) thrown at [/HUDSON3/workspace/8-2-build-macosx-x86_64/jdk8u20/1074/hotspot/src/share/vm/prims/jni.cpp, line 716]

Events (10 events):
Event: 18964.502 Thread 0x00007ffe0e847000 Thread added: 0x00007ffe0e847000
Event: 18964.502 Thread 0x00007ffe0007a800 Thread exited: 0x00007ffe0007a800
Event: 18966.368 Thread 0x00007ffe008eb800 Thread exited: 0x00007ffe008eb800
Event: 18966.369 loading class java/util/IdentityHashMap$KeySet
Event: 18966.370 loading class java/util/IdentityHashMap$KeySet done
Event: 18966.370 loading class java/util/IdentityHashMap$KeyIterator
Event: 18966.371 loading class java/util/IdentityHashMap$IdentityHashMapIterator
Event: 18966.371 loading class java/util/IdentityHashMap$IdentityHashMapIterator done
Event: 18966.371 loading class java/util/IdentityHashMap$KeyIterator done
Event: 18966.372 Thread 0x00007ffe0e847000 Thread exited: 0x00007ffe0e847000


Dynamic libraries:
0x000000001342b000 	/System/Library/Frameworks/Cocoa.framework/Versions/A/Cocoa
0x000000001342b000 	/System/Library/Frameworks/Security.framework/Versions/A/Security
0x000000001342b000 	/System/Library/Frameworks/ApplicationServices.framework/Versions/A/ApplicationServices
0x000000001342b000 	/usr/lib/libz.1.dylib
0x000000001342b000 	/usr/lib/libSystem.B.dylib
0x000000001342b000 	/usr/lib/libobjc.A.dylib
0x000000001342b000 	/System/Library/Frameworks/CoreFoundation.framework/Versions/A/CoreFoundation
0x000000001342b000 	/System/Library/Frameworks/Foundation.framework/Versions/C/Foundation
0x000000001342b000 	/System/Library/Frameworks/AppKit.framework/Versions/C/AppKit
0x000000001342b000 	/System/Library/Frameworks/CoreData.framework/Versions/A/CoreData
0x000000001342b000 	/System/Library/PrivateFrameworks/RemoteViewServices.framework/Versions/A/RemoteViewServices
0x000000001342b000 	/System/Library/PrivateFrameworks/UIFoundation.framework/Versions/A/UIFoundation
0x000000001342b000 	/System/Library/PrivateFrameworks/DFRFoundation.framework/Versions/A/DFRFoundation
0x000000001342b000 	/System/Library/Frameworks/Metal.framework/Versions/A/Metal
0x000000001342b000 	/System/Library/PrivateFrameworks/DesktopServicesPriv.framework/Versions/A/DesktopServicesPriv
0x000000001342b000 	/usr/lib/libenergytrace.dylib
0x000000001342b000 	/System/Library/PrivateFrameworks/SkyLight.framework/Versions/A/SkyLight
0x000000001342b000 	/System/Library/Frameworks/CoreGraphics.framework/Versions/A/CoreGraphics
0x000000001342b000 	/usr/lib/libScreenReader.dylib
0x000000001342b000 	/System/Library/Frameworks/Accelerate.framework/Versions/A/Accelerate
0x000000001342b000 	/System/Library/Frameworks/IOSurface.framework/Versions/A/IOSurface
0x000000001342b000 	/System/Library/Frameworks/AudioToolbox.framework/Versions/A/AudioToolbox
0x000000001342b000 	/System/Library/Frameworks/AudioUnit.framework/Versions/A/AudioUnit
0x000000001342b000 	/System/Library/PrivateFrameworks/DataDetectorsCore.framework/Versions/A/DataDetectorsCore
0x000000001342b000 	/System/Library/Frameworks/Carbon.framework/Versions/A/Frameworks/HIToolbox.framework/Versions/A/HIToolbox
0x000000001342b000 	/usr/lib/libicucore.A.dylib
0x000000001342b000 	/System/Library/Frameworks/QuartzCore.framework/Versions/A/QuartzCore
0x000000001342b000 	/System/Library/Frameworks/Carbon.framework/Versions/A/Frameworks/SpeechRecognition.framework/Versions/A/SpeechRecognition
0x000000001342b000 	/usr/lib/libauto.dylib
0x000000001342b000 	/usr/lib/libxml2.2.dylib
0x000000001342b000 	/System/Library/PrivateFrameworks/CoreUI.framework/Versions/A/CoreUI
0x000000001342b000 	/System/Library/Frameworks/CoreAudio.framework/Versions/A/CoreAudio
0x000000001342b000 	/System/Library/Frameworks/DiskArbitration.framework/Versions/A/DiskArbitration
0x000000001342b000 	/usr/lib/liblangid.dylib
0x000000001342b000 	/System/Library/PrivateFrameworks/MultitouchSupport.framework/Versions/A/MultitouchSupport
0x000000001342b000 	/System/Library/Frameworks/IOKit.framework/Versions/A/IOKit
0x000000001342b000 	/usr/lib/libDiagnosticMessagesClient.dylib
0x000000001342b000 	/System/Library/Frameworks/CoreServices.framework/Versions/A/CoreServices
0x000000001342b000 	/System/Library/PrivateFrameworks/PerformanceAnalysis.framework/Versions/A/PerformanceAnalysis
0x000000001342b000 	/System/Library/Frameworks/OpenGL.framework/Versions/A/OpenGL
0x000000001342b000 	/System/Library/Frameworks/ColorSync.framework/Versions/A/ColorSync
0x000000001342b000 	/System/Library/Frameworks/CoreImage.framework/Versions/A/CoreImage
0x000000001342b000 	/System/Library/Frameworks/CoreText.framework/Versions/A/CoreText
0x000000001342b000 	/System/Library/Frameworks/ImageIO.framework/Versions/A/ImageIO
0x000000001342b000 	/System/Library/PrivateFrameworks/Backup.framework/Versions/A/Backup
0x000000001342b000 	/usr/lib/libarchive.2.dylib
0x000000001342b000 	/System/Library/Frameworks/CFNetwork.framework/Versions/A/CFNetwork
0x000000001342b000 	/System/Library/Frameworks/SystemConfiguration.framework/Versions/A/SystemConfiguration
0x000000001342b000 	/usr/lib/libCRFSuite.dylib
0x000000001342b000 	/usr/lib/libc++.1.dylib
0x000000001342b000 	/usr/lib/libc++abi.dylib
0x000000001342b000 	/usr/lib/system/libcache.dylib
0x000000001342b000 	/usr/lib/system/libcommonCrypto.dylib
0x000000001342b000 	/usr/lib/system/libcompiler_rt.dylib
0x000000001342b000 	/usr/lib/system/libcopyfile.dylib
0x000000001342b000 	/usr/lib/system/libcorecrypto.dylib
0x000000001342b000 	/usr/lib/system/libdispatch.dylib
0x000000001342b000 	/usr/lib/system/libdyld.dylib
0x000000001342b000 	/usr/lib/system/libkeymgr.dylib
0x000000001342b000 	/usr/lib/system/liblaunch.dylib
0x000000001342b000 	/usr/lib/system/libmacho.dylib
0x000000001342b000 	/usr/lib/system/libquarantine.dylib
0x000000001342b000 	/usr/lib/system/libremovefile.dylib
0x000000001342b000 	/usr/lib/system/libsystem_asl.dylib
0x000000001342b000 	/usr/lib/system/libsystem_blocks.dylib
0x000000001342b000 	/usr/lib/system/libsystem_c.dylib
0x000000001342b000 	/usr/lib/system/libsystem_configuration.dylib
0x000000001342b000 	/usr/lib/system/libsystem_coreservices.dylib
0x000000001342b000 	/usr/lib/system/libsystem_darwin.dylib
0x000000001342b000 	/usr/lib/system/libsystem_dnssd.dylib
0x000000001342b000 	/usr/lib/system/libsystem_info.dylib
0x000000001342b000 	/usr/lib/system/libsystem_m.dylib
0x000000001342b000 	/usr/lib/system/libsystem_malloc.dylib
0x000000001342b000 	/usr/lib/system/libsystem_network.dylib
0x000000001342b000 	/usr/lib/system/libsystem_networkextension.dylib
0x000000001342b000 	/usr/lib/system/libsystem_notify.dylib
0x000000001342b000 	/usr/lib/system/libsystem_sandbox.dylib
0x000000001342b000 	/usr/lib/system/libsystem_secinit.dylib
0x000000001342b000 	/usr/lib/system/libsystem_kernel.dylib
0x000000001342b000 	/usr/lib/system/libsystem_platform.dylib
0x000000001342b000 	/usr/lib/system/libsystem_pthread.dylib
0x000000001342b000 	/usr/lib/system/libsystem_symptoms.dylib
0x000000001342b000 	/usr/lib/system/libsystem_trace.dylib
0x000000001342b000 	/usr/lib/system/libunwind.dylib
0x000000001342b000 	/usr/lib/system/libxpc.dylib
0x000000001342b000 	/usr/lib/closure/libclosured.dylib
0x000000001342b000 	/usr/lib/libbsm.0.dylib
0x000000001342b000 	/usr/lib/system/libkxld.dylib
0x000000001342b000 	/usr/lib/libOpenScriptingUtil.dylib
0x000000001342b000 	/usr/lib/libcoretls.dylib
0x000000001342b000 	/usr/lib/libcoretls_cfhelpers.dylib
0x000000001342b000 	/usr/lib/libpam.2.dylib
0x000000001342b000 	/usr/lib/libsqlite3.dylib
0x000000001342b000 	/usr/lib/libxar.1.dylib
0x000000001342b000 	/usr/lib/libbz2.1.0.dylib
0x000000001342b000 	/usr/lib/liblzma.5.dylib
0x000000001342b000 	/usr/lib/libnetwork.dylib
0x000000001342b000 	/usr/lib/libapple_nghttp2.dylib
0x000000001342b000 	/usr/lib/libpcap.A.dylib
0x000000001342b000 	/usr/lib/libboringssl.dylib
0x000000001342b000 	/usr/lib/libusrtcp.dylib
0x000000001342b000 	/usr/lib/libapple_crypto.dylib
0x000000001342b000 	/System/Library/Frameworks/CoreServices.framework/Versions/A/Frameworks/FSEvents.framework/Versions/A/FSEvents
0x000000001342b000 	/System/Library/Frameworks/CoreServices.framework/Versions/A/Frameworks/CarbonCore.framework/Versions/A/CarbonCore
0x000000001342b000 	/System/Library/Frameworks/CoreServices.framework/Versions/A/Frameworks/Metadata.framework/Versions/A/Metadata
0x000000001342b000 	/System/Library/Frameworks/CoreServices.framework/Versions/A/Frameworks/OSServices.framework/Versions/A/OSServices
0x000000001342b000 	/System/Library/Frameworks/CoreServices.framework/Versions/A/Frameworks/SearchKit.framework/Versions/A/SearchKit
0x000000001342b000 	/System/Library/Frameworks/CoreServices.framework/Versions/A/Frameworks/AE.framework/Versions/A/AE
0x000000001342b000 	/System/Library/Frameworks/CoreServices.framework/Versions/A/Frameworks/LaunchServices.framework/Versions/A/LaunchServices
0x000000001342b000 	/System/Library/Frameworks/CoreServices.framework/Versions/A/Frameworks/DictionaryServices.framework/Versions/A/DictionaryServices
0x000000001342b000 	/System/Library/Frameworks/CoreServices.framework/Versions/A/Frameworks/SharedFileList.framework/Versions/A/SharedFileList
0x000000001342b000 	/System/Library/Frameworks/NetFS.framework/Versions/A/NetFS
0x000000001342b000 	/System/Library/PrivateFrameworks/NetAuth.framework/Versions/A/NetAuth
0x000000001342b000 	/System/Library/PrivateFrameworks/login.framework/Versions/A/Frameworks/loginsupport.framework/Versions/A/loginsupport
0x000000001342b000 	/System/Library/PrivateFrameworks/TCC.framework/Versions/A/TCC
0x000000001342b000 	/usr/lib/libmecabra.dylib
0x000000001342b000 	/System/Library/Frameworks/ApplicationServices.framework/Versions/A/Frameworks/ATS.framework/Versions/A/ATS
0x000000001342b000 	/System/Library/Frameworks/ApplicationServices.framework/Versions/A/Frameworks/ColorSyncLegacy.framework/Versions/A/ColorSyncLegacy
0x000000001342b000 	/System/Library/Frameworks/ApplicationServices.framework/Versions/A/Frameworks/HIServices.framework/Versions/A/HIServices
0x000000001342b000 	/System/Library/Frameworks/ApplicationServices.framework/Versions/A/Frameworks/LangAnalysis.framework/Versions/A/LangAnalysis
0x000000001342b000 	/System/Library/Frameworks/ApplicationServices.framework/Versions/A/Frameworks/PrintCore.framework/Versions/A/PrintCore
0x000000001342b000 	/System/Library/Frameworks/ApplicationServices.framework/Versions/A/Frameworks/QD.framework/Versions/A/QD
0x000000001342b000 	/System/Library/Frameworks/ApplicationServices.framework/Versions/A/Frameworks/SpeechSynthesis.framework/Versions/A/SpeechSynthesis
0x000000001342b000 	/System/Library/Frameworks/CoreDisplay.framework/Versions/A/CoreDisplay
0x000000001342b000 	/System/Library/Frameworks/Accelerate.framework/Versions/A/Frameworks/vImage.framework/Versions/A/vImage
0x000000001342b000 	/System/Library/Frameworks/Accelerate.framework/Versions/A/Frameworks/vecLib.framework/Versions/A/vecLib
0x000000001342b000 	/System/Library/Frameworks/Accelerate.framework/Versions/A/Frameworks/vecLib.framework/Versions/A/libvDSP.dylib
0x000000001342b000 	/System/Library/Frameworks/Accelerate.framework/Versions/A/Frameworks/vecLib.framework/Versions/A/libBNNS.dylib
0x000000001342b000 	/System/Library/Frameworks/Accelerate.framework/Versions/A/Frameworks/vecLib.framework/Versions/A/libQuadrature.dylib
0x000000001342b000 	/System/Library/Frameworks/Accelerate.framework/Versions/A/Frameworks/vecLib.framework/Versions/A/libvMisc.dylib
0x000000001342b000 	/System/Library/Frameworks/Accelerate.framework/Versions/A/Frameworks/vecLib.framework/Versions/A/libLAPACK.dylib
0x000000001342b000 	/System/Library/Frameworks/Accelerate.framework/Versions/A/Frameworks/vecLib.framework/Versions/A/libBLAS.dylib
0x000000001342b000 	/System/Library/Frameworks/Accelerate.framework/Versions/A/Frameworks/vecLib.framework/Versions/A/libLinearAlgebra.dylib
0x000000001342b000 	/System/Library/Frameworks/Accelerate.framework/Versions/A/Frameworks/vecLib.framework/Versions/A/libSparse.dylib
0x000000001342b000 	/System/Library/Frameworks/Accelerate.framework/Versions/A/Frameworks/vecLib.framework/Versions/A/libSparseBLAS.dylib
0x000000001342b000 	/System/Library/PrivateFrameworks/IOAccelerator.framework/Versions/A/IOAccelerator
0x000000001342b000 	/System/Library/PrivateFrameworks/IOPresentment.framework/Versions/A/IOPresentment
0x000000001342b000 	/System/Library/PrivateFrameworks/DSExternalDisplay.framework/Versions/A/DSExternalDisplay
0x000000001342b000 	/System/Library/Frameworks/OpenGL.framework/Versions/A/Libraries/libCoreFSCache.dylib
0x000000001342b000 	/System/Library/Frameworks/CoreVideo.framework/Versions/A/CoreVideo
0x000000001342b000 	/System/Library/PrivateFrameworks/GraphVisualizer.framework/Versions/A/GraphVisualizer
0x000000001342b000 	/System/Library/Frameworks/MetalPerformanceShaders.framework/Versions/A/MetalPerformanceShaders
0x000000001342b000 	/usr/lib/libFosl_dynamic.dylib
0x000000001342b000 	/System/Library/PrivateFrameworks/FaceCore.framework/Versions/A/FaceCore
0x000000001342b000 	/System/Library/Frameworks/OpenCL.framework/Versions/A/OpenCL
0x000000001342b000 	/usr/lib/libcompression.dylib
0x000000001342b000 	/System/Library/Frameworks/ApplicationServices.framework/Versions/A/Frameworks/ATS.framework/Versions/A/Resources/libFontParser.dylib
0x000000001342b000 	/System/Library/Frameworks/ApplicationServices.framework/Versions/A/Frameworks/ATS.framework/Versions/A/Resources/libFontRegistry.dylib
0x000000001342b000 	/System/Library/Frameworks/ImageIO.framework/Versions/A/Resources/libJPEG.dylib
0x000000001342b000 	/System/Library/Frameworks/ImageIO.framework/Versions/A/Resources/libTIFF.dylib
0x000000001342b000 	/System/Library/Frameworks/ImageIO.framework/Versions/A/Resources/libPng.dylib
0x000000001342b000 	/System/Library/Frameworks/ImageIO.framework/Versions/A/Resources/libGIF.dylib
0x000000001342b000 	/System/Library/Frameworks/ImageIO.framework/Versions/A/Resources/libJP2.dylib
0x000000001342b000 	/System/Library/Frameworks/ImageIO.framework/Versions/A/Resources/libRadiance.dylib
0x000000001342b000 	/System/Library/PrivateFrameworks/AppleJPEG.framework/Versions/A/AppleJPEG
0x000000001342b000 	/System/Library/PrivateFrameworks/MetalTools.framework/Versions/A/MetalTools
0x000000001342b000 	/System/Library/Frameworks/MetalPerformanceShaders.framework/Frameworks/MPSCore.framework/Versions/A/MPSCore
0x000000001342b000 	/System/Library/Frameworks/MetalPerformanceShaders.framework/Frameworks/MPSImage.framework/Versions/A/MPSImage
0x000000001342b000 	/System/Library/Frameworks/MetalPerformanceShaders.framework/Frameworks/MPSMatrix.framework/Versions/A/MPSMatrix
0x000000001342b000 	/System/Library/Frameworks/MetalPerformanceShaders.framework/Frameworks/MPSNeuralNetwork.framework/Versions/A/MPSNeuralNetwork
0x000000001342b000 	/System/Library/Frameworks/OpenGL.framework/Versions/A/Libraries/libGLU.dylib
0x000000001342b000 	/System/Library/Frameworks/OpenGL.framework/Versions/A/Libraries/libGFXShared.dylib
0x000000001342b000 	/System/Library/Frameworks/OpenGL.framework/Versions/A/Libraries/libGL.dylib
0x000000001342b000 	/System/Library/Frameworks/OpenGL.framework/Versions/A/Libraries/libGLImage.dylib
0x000000001342b000 	/System/Library/Frameworks/OpenGL.framework/Versions/A/Libraries/libCVMSPluginSupport.dylib
0x000000001342b000 	/System/Library/Frameworks/OpenGL.framework/Versions/A/Libraries/libCoreVMClient.dylib
0x000000001342b000 	/usr/lib/libcups.2.dylib
0x000000001342b000 	/System/Library/Frameworks/Kerberos.framework/Versions/A/Kerberos
0x000000001342b000 	/System/Library/Frameworks/GSS.framework/Versions/A/GSS
0x000000001342b000 	/usr/lib/libresolv.9.dylib
0x000000001342b000 	/usr/lib/libiconv.2.dylib
0x000000001342b000 	/System/Library/PrivateFrameworks/Heimdal.framework/Versions/A/Heimdal
0x000000001342b000 	/usr/lib/libheimdal-asn1.dylib
0x000000001342b000 	/System/Library/Frameworks/OpenDirectory.framework/Versions/A/OpenDirectory
0x000000001342b000 	/System/Library/PrivateFrameworks/CommonAuth.framework/Versions/A/CommonAuth
0x000000001342b000 	/System/Library/Frameworks/OpenDirectory.framework/Versions/A/Frameworks/CFOpenDirectory.framework/Versions/A/CFOpenDirectory
0x000000001342b000 	/System/Library/Frameworks/SecurityFoundation.framework/Versions/A/SecurityFoundation
0x000000001342b000 	/System/Library/PrivateFrameworks/APFS.framework/Versions/A/APFS
0x000000001342b000 	/usr/lib/libutil.dylib
0x000000001342b000 	/System/Library/PrivateFrameworks/AppleSauce.framework/Versions/A/AppleSauce
0x000000001342b000 	/System/Library/PrivateFrameworks/LinguisticData.framework/Versions/A/LinguisticData
0x000000001342b000 	/usr/lib/libmarisa.dylib
0x000000001342b000 	/System/Library/PrivateFrameworks/Lexicon.framework/Versions/A/Lexicon
0x000000001342b000 	/usr/lib/libChineseTokenizer.dylib
0x000000001342b000 	/usr/lib/libcmph.dylib
0x000000001342b000 	/System/Library/PrivateFrameworks/LanguageModeling.framework/Versions/A/LanguageModeling
0x000000001342b000 	/System/Library/PrivateFrameworks/CoreEmoji.framework/Versions/A/CoreEmoji
0x000000001342b000 	/System/Library/Frameworks/ServiceManagement.framework/Versions/A/ServiceManagement
0x000000001342b000 	/System/Library/PrivateFrameworks/BackgroundTaskManagement.framework/Versions/A/BackgroundTaskManagement
0x000000001342b000 	/usr/lib/libxslt.1.dylib
0x000000001342b000 	/System/Library/Frameworks/Carbon.framework/Versions/A/Frameworks/Ink.framework/Versions/A/Ink
0x000000001342b000 	/System/Library/PrivateFrameworks/TextureIO.framework/Versions/A/TextureIO
0x000000001342b000 	/usr/lib/libate.dylib
0x000000001342b000 	/System/Library/PrivateFrameworks/CrashReporterSupport.framework/Versions/A/CrashReporterSupport
0x000000001342b000 	/System/Library/PrivateFrameworks/Sharing.framework/Versions/A/Sharing
0x000000001342b000 	/System/Library/PrivateFrameworks/IconServices.framework/Versions/A/IconServices
0x000000001342b000 	/System/Library/PrivateFrameworks/ProtocolBuffer.framework/Versions/A/ProtocolBuffer
0x000000001342b000 	/System/Library/PrivateFrameworks/Apple80211.framework/Versions/A/Apple80211
0x000000001342b000 	/System/Library/Frameworks/CoreWLAN.framework/Versions/A/CoreWLAN
0x000000001342b000 	/System/Library/PrivateFrameworks/CoreUtils.framework/Versions/A/CoreUtils
0x000000001342b000 	/System/Library/Frameworks/IOBluetooth.framework/Versions/A/IOBluetooth
0x000000001342b000 	/System/Library/PrivateFrameworks/CoreWiFi.framework/Versions/A/CoreWiFi
0x000000001342b000 	/System/Library/Frameworks/CoreBluetooth.framework/Versions/A/CoreBluetooth
0x000000001342b000 	/System/Library/PrivateFrameworks/SignpostNotification.framework/Versions/A/SignpostNotification
0x000000001342b000 	/System/Library/PrivateFrameworks/DebugSymbols.framework/Versions/A/DebugSymbols
0x000000001342b000 	/System/Library/PrivateFrameworks/CoreSymbolication.framework/Versions/A/CoreSymbolication
0x000000001342b000 	/System/Library/PrivateFrameworks/Symbolication.framework/Versions/A/Symbolication
0x000000001342b000 	/System/Library/PrivateFrameworks/AppleFSCompression.framework/Versions/A/AppleFSCompression
0x000000001342b000 	/System/Library/PrivateFrameworks/SpeechRecognitionCore.framework/Versions/A/SpeechRecognitionCore
0x00000001062b3000 	/Library/Java/JavaVirtualMachines/jdk1.8.0_20.jdk/Contents/Home/jre/lib/server/libjvm.dylib
0x000000001342b000 	/usr/lib/libstdc++.6.0.9.dylib
0x00000001071ce000 	/Library/Java/JavaVirtualMachines/jdk1.8.0_20.jdk/Contents/Home/jre/lib/libverify.dylib
0x0000000107a00000 	/Library/Java/JavaVirtualMachines/jdk1.8.0_20.jdk/Contents/Home/jre/lib/libjava.dylib
0x00000001071e6000 	/Library/Java/JavaVirtualMachines/jdk1.8.0_20.jdk/Contents/Home/jre/lib/libzip.dylib
0x000000001342b000 	/System/Library/Frameworks/JavaVM.framework/Versions/A/Frameworks/JavaRuntimeSupport.framework/Versions/A/JavaRuntimeSupport
0x000000001342b000 	/System/Library/Frameworks/JavaVM.framework/Versions/A/Frameworks/JavaNativeFoundation.framework/Versions/A/JavaNativeFoundation
0x000000001342b000 	/System/Library/Frameworks/JavaVM.framework/Versions/A/JavaVM
0x000000001342b000 	/System/Library/Frameworks/Carbon.framework/Versions/A/Carbon
0x000000001342b000 	/System/Library/PrivateFrameworks/JavaLaunching.framework/Versions/A/JavaLaunching
0x000000001342b000 	/System/Library/Frameworks/Carbon.framework/Versions/A/Frameworks/CommonPanels.framework/Versions/A/CommonPanels
0x000000001342b000 	/System/Library/Frameworks/Carbon.framework/Versions/A/Frameworks/Help.framework/Versions/A/Help
0x000000001342b000 	/System/Library/Frameworks/Carbon.framework/Versions/A/Frameworks/ImageCapture.framework/Versions/A/ImageCapture
0x000000001342b000 	/System/Library/Frameworks/Carbon.framework/Versions/A/Frameworks/OpenScripting.framework/Versions/A/OpenScripting
0x000000001342b000 	/System/Library/Frameworks/Carbon.framework/Versions/A/Frameworks/Print.framework/Versions/A/Print
0x000000001342b000 	/System/Library/Frameworks/Carbon.framework/Versions/A/Frameworks/SecurityHI.framework/Versions/A/SecurityHI
0x000000010e4b8000 	/Library/Java/JavaVirtualMachines/jdk1.8.0_20.jdk/Contents/Home/jre/lib/libprism_es2.dylib
0x000000001342b000 	/System/Library/PrivateFrameworks/CoreServicesInternal.framework/Versions/A/CoreServicesInternal
0x000000001342b000 	/System/Library/Frameworks/OpenGL.framework/Versions/A/Resources/GLEngine.bundle/GLEngine
0x000000001342b000 	/System/Library/Frameworks/OpenGL.framework/Versions/A/Libraries/libGLProgrammability.dylib
0x000000010e760000 	/System/Library/Extensions/AppleIntelHD4000GraphicsGLDriver.bundle/Contents/MacOS/AppleIntelHD4000GraphicsGLDriver
0x000000001342b000 	/System/Library/PrivateFrameworks/GPUSupport.framework/Versions/A/Libraries/libGPUSupportMercury.dylib
0x000000001342b000 	/System/Library/Frameworks/OpenGL.framework/Versions/A/Resources/GLRendererFloat.bundle/GLRendererFloat
0x000000001342b000 	/System/Library/Frameworks/OpenCL.framework/Versions/A/Libraries/libcldcpuengine.dylib
0x000000001342b000 	/usr/lib/libcrypto.35.dylib
0x000000001342b000 	/System/Library/PrivateFrameworks/TrustEvaluationAgent.framework/Versions/A/TrustEvaluationAgent
0x000000010f2f4000 	/Library/Java/JavaVirtualMachines/jdk1.8.0_20.jdk/Contents/Home/jre/lib/libglass.dylib
0x000000001342b000 	/System/Library/CoreServices/RawCamera.bundle/Contents/MacOS/RawCamera
0x000000001342b000 	/System/Library/PrivateFrameworks/MobileAsset.framework/Versions/A/MobileAsset
0x000000001342b000 	/System/Library/PrivateFrameworks/StreamingZip.framework/Versions/A/StreamingZip
0x000000001342b000 	/System/Library/Frameworks/MediaToolbox.framework/Versions/A/MediaToolbox
0x000000001342b000 	/System/Library/PrivateFrameworks/CoreAVCHD.framework/Versions/A/CoreAVCHD
0x000000001342b000 	/System/Library/Frameworks/MediaAccessibility.framework/Versions/A/MediaAccessibility
0x000000001342b000 	/System/Library/PrivateFrameworks/Mangrove.framework/Versions/A/Mangrove
0x000000001342b000 	/System/Library/Frameworks/CoreMedia.framework/Versions/A/CoreMedia
0x000000001342b000 	/System/Library/Frameworks/VideoToolbox.framework/Versions/A/VideoToolbox
0x000000001342b000 	/System/Library/PrivateFrameworks/CoreAUC.framework/Versions/A/CoreAUC
0x000000001342b000 	/usr/lib/libspindump.dylib
0x000000001342b000 	/usr/lib/libdscsym.dylib
0x000000001342b000 	/System/Library/PrivateFrameworks/AppleVA.framework/Versions/A/AppleVA
0x000000001342b000 	/System/Library/Frameworks/Accelerate.framework/Versions/A/Frameworks/vImage.framework/Versions/A/Libraries/libCGInterfaces.dylib
0x000000001342b000 	/System/Library/PrivateFrameworks/FamilyControls.framework/Versions/A/FamilyControls
0x000000001342b000 	/System/Library/PrivateFrameworks/CommerceKit.framework/Versions/A/Frameworks/CommerceCore.framework/Versions/A/CommerceCore
0x000000001342b000 	/System/Library/PrivateFrameworks/SystemAdministration.framework/Versions/A/SystemAdministration
0x000000001342b000 	/System/Library/PrivateFrameworks/AppContainer.framework/Versions/A/AppContainer
0x000000001342b000 	/System/Library/PrivateFrameworks/SecCodeWrapper.framework/Versions/A/SecCodeWrapper
0x000000001342b000 	/System/Library/PrivateFrameworks/DiskManagement.framework/Versions/A/DiskManagement
0x000000001342b000 	/System/Library/Frameworks/DirectoryService.framework/Versions/A/DirectoryService
0x000000001342b000 	/System/Library/PrivateFrameworks/DiskImages.framework/Versions/A/DiskImages
0x000000001342b000 	/System/Library/PrivateFrameworks/LoginUIKit.framework/Versions/A/Frameworks/LoginUICore.framework/Versions/A/LoginUICore
0x000000001342b000 	/usr/lib/libCoreStorage.dylib
0x000000001342b000 	/usr/lib/libcsfde.dylib
0x000000001342b000 	/usr/lib/libodfde.dylib
0x000000001342b000 	/System/Library/PrivateFrameworks/MediaKit.framework/Versions/A/MediaKit
0x000000001342b000 	/System/Library/Frameworks/DiscRecording.framework/Versions/A/DiscRecording
0x000000001342b000 	/System/Library/PrivateFrameworks/EFILogin.framework/Versions/A/EFILogin
0x000000001342b000 	/System/Library/PrivateFrameworks/ProtectedCloudStorage.framework/Versions/A/ProtectedCloudStorage
0x000000001342b000 	/usr/lib/libcurl.4.dylib
0x000000001342b000 	/usr/lib/libssl.35.dylib
0x000000001342b000 	/System/Library/Frameworks/LDAP.framework/Versions/A/LDAP
0x000000001342b000 	/usr/lib/libsasl2.2.dylib
0x000000001342b000 	/System/Library/PrivateFrameworks/CoreDaemon.framework/Versions/B/CoreDaemon
0x000000001342b000 	/System/Library/PrivateFrameworks/AppleSRP.framework/Versions/A/AppleSRP
0x000000001342b000 	/System/Library/Frameworks/ApplicationServices.framework/Versions/A/Frameworks/ATS.framework/Versions/A/Resources/libTrueTypeScaler.dylib
0x000000001342b000 	/System/Library/Extensions/AppleIntelHD4000GraphicsMTLDriver.bundle/Contents/MacOS/AppleIntelHD4000GraphicsMTLDriver
0x000000001342b000 	/System/Library/PrivateFrameworks/GPUCompiler.framework/Versions/3802/Libraries/libmetal_timestamp.dylib
0x0000000122499000 	/Library/Java/JavaVirtualMachines/jdk1.8.0_20.jdk/Contents/Home/jre/lib/libjavafx_font.dylib
0x000000001342b000 	/System/Library/PrivateFrameworks/ViewBridge.framework/Versions/A/ViewBridge
0x000000012254c000 	/Library/Java/JavaVirtualMachines/jdk1.8.0_20.jdk/Contents/Home/jre/lib/libprism_common.dylib
0x000000001342b000 	/System/Library/PrivateFrameworks/FinderKit.framework/Versions/A/FinderKit
0x000000001342b000 	/System/Library/Frameworks/Quartz.framework/Versions/A/Frameworks/QuickLookUI.framework/Versions/A/QuickLookUI
0x000000001342b000 	/System/Library/Frameworks/Quartz.framework/Versions/A/Frameworks/ImageKit.framework/Versions/A/ImageKit
0x000000001342b000 	/System/Library/Frameworks/QuickLook.framework/Versions/A/QuickLook
0x000000001342b000 	/System/Library/PrivateFrameworks/AppleSystemInfo.framework/Versions/A/AppleSystemInfo
0x000000001342b000 	/System/Library/Frameworks/ImageCaptureCore.framework/Versions/A/ImageCaptureCore
0x000000001342b000 	/System/Library/PrivateFrameworks/Suggestions.framework/Versions/A/Suggestions
0x000000001342b000 	/System/Library/Frameworks/SafariServices.framework/Versions/A/SafariServices
0x000000001342b000 	/System/Library/Frameworks/QTKit.framework/Versions/A/QTKit
0x000000001342b000 	/System/Library/PrivateFrameworks/MobileKeyBag.framework/Versions/A/MobileKeyBag
0x000000001342b000 	/System/Library/Frameworks/AVFoundation.framework/Versions/A/AVFoundation
0x000000001342b000 	/System/Library/PrivateFrameworks/CoreMediaAuthoring.framework/Versions/A/CoreMediaAuthoring
0x000000001342b000 	/System/Library/Frameworks/CoreMediaIO.framework/Versions/A/CoreMediaIO
0x000000001342b000 	/System/Library/Frameworks/AVFoundation.framework/Versions/A/Frameworks/AVFAudio.framework/Versions/A/AVFAudio
0x000000001342b000 	/System/Library/PrivateFrameworks/IntlPreferences.framework/Versions/A/IntlPreferences
0x000000001342b000 	/System/Library/PrivateFrameworks/RemoteServiceDiscovery.framework/Versions/A/RemoteServiceDiscovery
0x000000001342b000 	/System/Library/PrivateFrameworks/RemoteXPC.framework/Versions/A/RemoteXPC
0x000000001342b000 	/System/Library/PrivateFrameworks/MultiverseSupport.framework/Versions/A/MultiverseSupport
0x000000001342b000 	/System/Library/PrivateFrameworks/InternationalSupport.framework/Versions/A/InternationalSupport
0x000000001342b000 	/System/Library/PrivateFrameworks/QuickLookThumbnailing.framework/Versions/A/QuickLookThumbnailing
0x000000001342b000 	/System/Library/PrivateFrameworks/GenerationalStorage.framework/Versions/A/GenerationalStorage
0x000000001342b000 	/System/Library/PrivateFrameworks/ChunkingLibrary.framework/Versions/A/ChunkingLibrary
0x000000001342b000 	/System/Library/PrivateFrameworks/DisplayServices.framework/Versions/A/DisplayServices
0x000000001342b000 	/System/Library/Frameworks/Quartz.framework/Versions/A/Frameworks/PDFKit.framework/Versions/A/PDFKit
0x000000001342b000 	/System/Library/Frameworks/Quartz.framework/Versions/A/Frameworks/QuartzComposer.framework/Versions/A/QuartzComposer
0x000000001342b000 	/System/Library/Frameworks/Quartz.framework/Versions/A/Frameworks/QuartzFilters.framework/Versions/A/QuartzFilters
0x000000001342b000 	/System/Library/PrivateFrameworks/CorePDF.framework/Versions/A/CorePDF
0x000000001342b000 	/System/Library/Frameworks/JavaScriptCore.framework/Versions/A/JavaScriptCore
0x000000001342b000 	/System/Library/Frameworks/AddressBook.framework/Versions/A/AddressBook
0x000000001342b000 	/System/Library/PrivateFrameworks/ContactsPersistence.framework/Versions/A/ContactsPersistence
0x000000001342b000 	/System/Library/PrivateFrameworks/ApplePushService.framework/Versions/A/ApplePushService
0x000000001342b000 	/System/Library/PrivateFrameworks/CalendarAgentLink.framework/Versions/A/CalendarAgentLink
0x000000001342b000 	/System/Library/PrivateFrameworks/ContactsFoundation.framework/Versions/A/ContactsFoundation
0x000000001342b000 	/System/Library/PrivateFrameworks/CorePhoneNumbers.framework/Versions/A/CorePhoneNumbers
0x000000001342b000 	/System/Library/Frameworks/Quartz.framework/Versions/A/Quartz
0x000000001342b000 	/System/Library/Frameworks/SecurityInterface.framework/Versions/A/SecurityInterface
0x000000001342b000 	/System/Library/PrivateFrameworks/ToneKit.framework/Versions/A/ToneKit
0x000000001342b000 	/System/Library/PrivateFrameworks/ToneLibrary.framework/Versions/A/ToneLibrary
0x000000001342b000 	/System/Library/PrivateFrameworks/vCard.framework/Versions/A/vCard
0x000000001342b000 	/System/Library/Frameworks/Accounts.framework/Versions/A/Accounts
0x000000001342b000 	/System/Library/PrivateFrameworks/PhoneNumbers.framework/Versions/A/PhoneNumbers
0x000000001342b000 	/System/Library/PrivateFrameworks/CommonUtilities.framework/Versions/A/CommonUtilities
0x000000001342b000 	/System/Library/PrivateFrameworks/CloudDocs.framework/Versions/A/CloudDocs
0x000000001342b000 	/System/Library/PrivateFrameworks/FileProvider.framework/Versions/A/FileProvider
0x000000001342b000 	/System/Library/PrivateFrameworks/SpotlightIndex.framework/Versions/A/SpotlightIndex
0x000000001342b000 	/System/Library/PrivateFrameworks/SymptomDiagnosticReporter.framework/Versions/A/SymptomDiagnosticReporter
0x000000001342b000 	/System/Library/Frameworks/CoreSpotlight.framework/Versions/A/CoreSpotlight
0x000000001342b000 	/System/Library/PrivateFrameworks/PlugInKit.framework/Versions/A/PlugInKit
0x000000001342b000 	/System/Library/PrivateFrameworks/CoreNLP.framework/Versions/A/CoreNLP
0x000000001342b000 	/usr/lib/libmecab.1.0.0.dylib
0x000000001342b000 	/usr/lib/libgermantok.dylib
0x000000001342b000 	/usr/lib/libThaiTokenizer.dylib
0x000000001342b000 	/System/Library/PrivateFrameworks/SharePointManagement.framework/Versions/A/SharePointManagement
0x000000010f534000 	/System/Library/Frameworks/Security.framework/PlugIns/csparser.bundle/Contents/MacOS/csparser
0x000000001342b000 	/System/Library/Frameworks/CloudKit.framework/Versions/A/CloudKit
0x000000001342b000 	/System/Library/Frameworks/CoreLocation.framework/Versions/A/CoreLocation
0x000000001342b000 	/System/Library/PrivateFrameworks/GeoServices.framework/Versions/A/GeoServices
0x000000012753a000 	/System/Library/PrivateFrameworks/FileProvider.framework/OverrideBundles/CloudDocsFileProvider.bundle/Contents/MacOS/CloudDocsFileProvider
0x0000000127541000 	/System/Library/PrivateFrameworks/FileProvider.framework/OverrideBundles/FileProviderOverride.bundle/Contents/MacOS/FileProviderOverride
0x0000000127549000 	/System/Library/PrivateFrameworks/FileProvider.framework/OverrideBundles/FinderSyncCollaborationFileProviderOverride.bundle/Contents/MacOS/FinderSyncCollaborationFileProviderOverride
0x000000012755c000 	/Library/Java/JavaVirtualMachines/jdk1.8.0_20.jdk/Contents/Home/jre/lib/libnet.dylib
0x00000001275ac000 	/Library/Java/JavaVirtualMachines/jdk1.8.0_20.jdk/Contents/Home/jre/lib/libnio.dylib
0x000000001342b000 	/System/Library/PrivateFrameworks/login.framework/Versions/A/login

VM Arguments:
jvm_args: -Dfile.encoding=UTF-8 
java_command: ApplicationWindow
java_class_path (initial): /Library/Java/JavaVirtualMachines/jdk1.8.0_20.jdk/Contents/Home/jre/lib/resources.jar:/Library/Java/JavaVirtualMachines/jdk1.8.0_20.jdk/Contents/Home/jre/lib/rt.jar:/Library/Java/JavaVirtualMachines/jdk1.8.0_20.jdk/Contents/Home/jre/lib/jsse.jar:/Library/Java/JavaVirtualMachines/jdk1.8.0_20.jdk/Contents/Home/jre/lib/jce.jar:/Library/Java/JavaVirtualMachines/jdk1.8.0_20.jdk/Contents/Home/jre/lib/charsets.jar:/Library/Java/JavaVirtualMachines/jdk1.8.0_20.jdk/Contents/Home/jre/lib/jfr.jar:/Library/Java/JavaVirtualMachines/jdk1.8.0_20.jdk/Contents/Home/jre/lib/ext/sunec.jar:/Library/Java/JavaVirtualMachines/jdk1.8.0_20.jdk/Contents/Home/jre/lib/ext/nashorn.jar:/Library/Java/JavaVirtualMachines/jdk1.8.0_20.jdk/Contents/Home/jre/lib/ext/cldrdata.jar:/Library/Java/JavaVirtualMachines/jdk1.8.0_20.jdk/Contents/Home/jre/lib/ext/jfxrt.jar:/Library/Java/JavaVirtualMachines/jdk1.8.0_20.jdk/Contents/Home/jre/lib/ext/dnsns.jar:/Library/Java/JavaVirtualMachines/jdk1.8.0_20.jdk/Contents/Home/jre/lib/ext/localedata.jar:/Library/Java/JavaVirtualMachines/jdk1.8.0_20.jdk/Contents/Home/jre/lib/ext/sunjce_provider.jar:/Library/Java/JavaVirtualMachines/jdk1.8.0_20.jdk/Contents/Home/jre/lib/ext/sunpkcs11.jar:/Library/Java/JavaVirtualMachines/jdk1.8.0_20.jdk/Contents/Home/jre/lib/ext/zipfs.jar:/System/Library/Java/Extensions/MRJToolkit.jar:/Users/MattVieten/git/Easy-Script-Generator/bin:/Users/MattVieten/Downloads/Easy-Script-Generator-master/ext/aerofx-0.2-sources.jar:/Users/MattVieten/Downloads/Easy-Script-Generator-master/ext/aerofx-0.2-javadoc.jar:/Users/MattVieten/Downloads/Easy-Script-Generator-master/ext/aerofx-0.2.jar:/Users/MattVieten/Downloads/Easy-Script-Generator-master/ext/aquafx-0.1-javadoc.jar:/Users/MattVieten/Downloads/Easy-Script-Generator-master/ext/aquafx-0.1-sources.jar:/Users/MattVieten/Downloads/Easy-Script-Generator-master/ext/aquafx-0.1.jar
Launcher Type: SUN_STANDARD

Environment Variables:
PATH=/usr/bin:/bin:/usr/sbin:/sbin
SHELL=/bin/bash
DISPLAY=/private/tmp/com.apple.launchd.FrpRZ9MN3D/org.macosforge.xquartz:0

Signal Handlers:
SIGSEGV: [libjvm.dylib+0x578fd7], sa_mask[0]=11111111011111110111111111111111, sa_flags=SA_ONSTACK|SA_RESTART|SA_SIGINFO
SIGBUS: [libjvm.dylib+0x578fd7], sa_mask[0]=11111111011111110111111111111111, sa_flags=SA_RESTART|SA_SIGINFO
SIGFPE: [libjvm.dylib+0x45ab0c], sa_mask[0]=11111111011111110111111111111111, sa_flags=SA_RESTART|SA_SIGINFO
SIGPIPE: [libjvm.dylib+0x45ab0c], sa_mask[0]=11111111011111110111111111111111, sa_flags=SA_RESTART|SA_SIGINFO
SIGXFSZ: [libjvm.dylib+0x45ab0c], sa_mask[0]=11111111011111110111111111111111, sa_flags=SA_RESTART|SA_SIGINFO
SIGILL: [libjvm.dylib+0x45ab0c], sa_mask[0]=11111111011111110111111111111111, sa_flags=SA_RESTART|SA_SIGINFO
SIGUSR1: SIG_DFL, sa_mask[0]=00000000000000000000000000000000, sa_flags=none
SIGUSR2: [libjvm.dylib+0x45a62a], sa_mask[0]=00100000000000000000000000000000, sa_flags=SA_RESTART|SA_SIGINFO
SIGHUP: [libjvm.dylib+0x458bfd], sa_mask[0]=11111111011111110111111111111111, sa_flags=SA_RESTART|SA_SIGINFO
SIGINT: [libjvm.dylib+0x458bfd], sa_mask[0]=11111111011111110111111111111111, sa_flags=SA_RESTART|SA_SIGINFO
SIGTERM: [libjvm.dylib+0x458bfd], sa_mask[0]=11111111011111110111111111111111, sa_flags=SA_RESTART|SA_SIGINFO
SIGQUIT: [libjvm.dylib+0x458bfd], sa_mask[0]=11111111011111110111111111111111, sa_flags=SA_RESTART|SA_SIGINFO


---------------  S Y S T E M  ---------------

OS:Bsduname:Darwin 17.2.0 Darwin Kernel Version 17.2.0: Fri Sep 29 18:27:05 PDT 2017; root:xnu-4570.20.62~3/RELEASE_X86_64 x86_64
rlimit: STACK 8192k, CORE 0k, NPROC 709, NOFILE 10240, AS infinity
load average:354.00 171.04 73.50

CPU:total 4 (2 cores per cpu, 2 threads per core) family 6 model 58 stepping 9, cmov, cx8, fxsr, mmx, sse, sse2, sse3, ssse3, sse4.1, sse4.2, popcnt, avx, aes, clmul, erms, ht, tsc, tscinvbit, tscinv

Memory: 4k page, physical 8388608k(621136k free)

/proc/meminfo:


vm_info: Java HotSpot(TM) 64-Bit Server VM (25.20-b23) for bsd-amd64 JRE (1.8.0_20-b26), built on Jul 30 2014 13:37:47 by "java_re" with gcc 4.2.1 (Based on Apple Inc. build 5658) (LLVM build 2336.9.00)

time: Thu Jun 14 22:56:29 2018
elapsed time: 18966 seconds (0d 5h 16m 6s)

